<?xml version="1.0" encoding="UTF-8"?>
<!-- Generated by org.testng.reporters.JUnitReportReporter -->
<testsuite hostname="Pragatis-MacBook-Pro.local" failures="0" tests="1" name="sanjeevacademy.appiumbasics" time="0.326" errors="0" timestamp="2022-08-08T09:06:17 IST" skipped="0">
  <testcase classname="sanjeevacademy.appiumbasics" name="AppiumTest" time="0.326"/>
  <system-out/>
</testsuite> <!-- sanjeevacademy.appiumbasics -->
