<?xml version="1.0" encoding="UTF-8"?>
<!-- Generated by org.testng.reporters.JUnitReportReporter -->
<testsuite hostname="Pragatis-MacBook-Pro.local" failures="0" tests="1" name="sanjeevacademy.appiumbasics" time="0.005" errors="0" timestamp="2022-08-08T13:27:55 IST" skipped="0">
  <testcase classname="sanjeevacademy.appiumbasics" name="AppiumTest" time="0.005"/>
  <system-out/>
</testsuite> <!-- sanjeevacademy.appiumbasics -->
