<?xml version="1.0" encoding="UTF-8"?>
<!-- Generated by org.testng.reporters.JUnitReportReporter -->
<testsuite skipped="0" hostname="Pragatis-MacBook-Pro.local" name="com.crm.qa.testcases.SignuppageTest" tests="1" failures="0" timestamp="03 Mar 2022 05:14:39 GMT" time="10.242" errors="0">
  <testcase name="verifyloginlinkTest" time="10.242" classname="com.crm.qa.testcases.SignuppageTest"/>
</testsuite> <!-- com.crm.qa.testcases.SignuppageTest -->
