<?xml version="1.0" encoding="UTF-8"?>
<!-- Generated by org.testng.reporters.JUnitReportReporter -->
<testsuite skipped="0" hostname="Pragatis-MacBook-Pro.local" name="com.crm.qa.testcases.LoginpageTest" tests="2" failures="0" timestamp="02 Jun 2022 05:44:18 GMT" time="13.046" errors="0">
  <testcase name="validateloginpageTitleTest" time="8.308" classname="com.crm.qa.testcases.LoginpageTest"/>
  <testcase name="loginTest" time="4.738" classname="com.crm.qa.testcases.LoginpageTest"/>
</testsuite> <!-- com.crm.qa.testcases.LoginpageTest -->
