<?xml version="1.0" encoding="UTF-8"?>
<!-- Generated by org.testng.reporters.JUnitReportReporter -->
<testsuite skipped="0" hostname="Pragatis-MacBook-Pro.local" name="com.crm.qa.testcases.LoginpageTest" tests="2" failures="0" timestamp="17 Feb 2022 06:33:01 GMT" time="8.565" errors="0">
  <testcase name="validateloginpageTitleTest" time="4.244" classname="com.crm.qa.testcases.LoginpageTest"/>
  <testcase name="loginTest" time="4.321" classname="com.crm.qa.testcases.LoginpageTest"/>
</testsuite> <!-- com.crm.qa.testcases.LoginpageTest -->
